{"/Users/sumit/Desktop/classroom/Sem 3/NBAD/dev/week10/unit-testing-jest/files/cloneArray.js": {"path":"/Users/sumit/Desktop/classroom/Sem 3/NBAD/dev/week10/unit-testing-jest/files/cloneArray.js","statementMap":{"0":{"start":{"line":2,"column":4},"end":{"line":2,"column":21}},"1":{"start":{"line":5,"column":0},"end":{"line":5,"column":27}}},"fnMap":{"0":{"name":"cloneArray","decl":{"start":{"line":1,"column":9},"end":{"line":1,"column":19}},"loc":{"start":{"line":1,"column":26},"end":{"line":3,"column":1}},"line":1}},"branchMap":{},"s":{"0":2,"1":1},"f":{"0":2},"b":{},"_coverageSchema":"1a1c01bbd47fc00a2c39e90264f33305004495a9","hash":"ce2e3b31c4670c5000f239f6f1f9968c3955b0c0"}
,"/Users/sumit/Desktop/classroom/Sem 3/NBAD/dev/week10/unit-testing-jest/files/subtract.js": {"path":"/Users/sumit/Desktop/classroom/Sem 3/NBAD/dev/week10/unit-testing-jest/files/subtract.js","statementMap":{"0":{"start":{"line":3,"column":4},"end":{"line":3,"column":16}},"1":{"start":{"line":6,"column":0},"end":{"line":6,"column":26}}},"fnMap":{"0":{"name":"subtract","decl":{"start":{"line":2,"column":9},"end":{"line":2,"column":17}},"loc":{"start":{"line":2,"column":23},"end":{"line":4,"column":1}},"line":2}},"branchMap":{},"s":{"0":1,"1":1},"f":{"0":1},"b":{},"_coverageSchema":"1a1c01bbd47fc00a2c39e90264f33305004495a9","hash":"99adf0e043c8c1ad99ac1fd66481b7f1652688e2"}
,"/Users/sumit/Desktop/classroom/Sem 3/NBAD/dev/week10/unit-testing-jest/files/sum.js": {"path":"/Users/sumit/Desktop/classroom/Sem 3/NBAD/dev/week10/unit-testing-jest/files/sum.js","statementMap":{"0":{"start":{"line":2,"column":4},"end":{"line":2,"column":16}},"1":{"start":{"line":6,"column":4},"end":{"line":6,"column":28}},"2":{"start":{"line":9,"column":0},"end":{"line":9,"column":20}}},"fnMap":{"0":{"name":"sum","decl":{"start":{"line":1,"column":9},"end":{"line":1,"column":12}},"loc":{"start":{"line":1,"column":18},"end":{"line":3,"column":1}},"line":1},"1":{"name":"helper","decl":{"start":{"line":5,"column":9},"end":{"line":5,"column":15}},"loc":{"start":{"line":5,"column":17},"end":{"line":7,"column":1}},"line":5}},"branchMap":{},"s":{"0":1,"1":0,"2":1},"f":{"0":1,"1":0},"b":{},"_coverageSchema":"1a1c01bbd47fc00a2c39e90264f33305004495a9","hash":"08d99bfd95536af3a563e93f36a7dc9f87a81d53"}
}
